2018-05-05 18:17:40 [COMMAND] : pgc set GLOBAL REPO https://s3.amazonaws.com/pgcentral
2018-05-05 18:17:41 [COMMAND] : pgc update --silent
2018-05-05 18:17:41 [INFO] : Retrieving the remote list of latest component versions (versions.sql) ...
2018-05-05 18:17:42 [INFO] : Validating checksum file...
2018-05-05 18:17:42 [INFO] : Updating local repository with remote entries...
2018-05-05 18:17:42 [INFO] : 'hub' is v3.3.6
2018-05-05 18:19:12 [COMMAND] : pgc start
2018-05-05 18:19:40 [COMMAND] : pgc start pg10
2018-05-05 18:19:40 [INFO] : Component 'pg10' is not installed.
2018-05-05 18:19:40 [INFO] : Component 'pg10' is not installed.
2018-05-05 18:19:44 [COMMAND] : pgc start pg
2018-05-05 18:19:44 [ERROR] : Invalid component parameter (pg)
2018-05-05 18:19:48 [COMMAND] : pgc start
2018-05-05 18:21:27 [COMMAND] : pgc start
2018-05-05 18:21:32 [COMMAND] : pgc install pg10
2018-05-05 18:21:32 [INFO] :   ['pg10']
2018-05-05 18:21:32 [INFO] : Get:1 https://s3.amazonaws.com/pgcentral pg10-10.3-1-linux64
2018-05-05 18:21:33 [INFO] : Downloading file pg10-10.3-1-linux64 
2018-05-05 18:21:39 [INFO] :  Unpacking pg10-10.3-1-linux64.tar.bz2
2018-05-05 18:21:42 [INFO] : pg10 Enabled
2018-05-05 18:21:50 [COMMAND] : pgc start pg10
 
## Initializing pg10 #######################
 
Setting directory and file permissions.
 
Initializing Postgres DB with:
  /home/chris/Documents/DevelopmentProjects/Python/flaskrouting/bigsql/pg10/bin/initdb -U postgres -A md5 -E UTF8 --no-locale -D "/home/chris/Documents/DevelopmentProjects/Python/flaskrouting/bigsql/data/pg10" --pwfile="/home/chris/Documents/DevelopmentProjects/Python/flaskrouting/bigsql/pg10/.pgpass" > "/home/chris/Documents/DevelopmentProjects/Python/flaskrouting/bigsql/data/logs/pg10/install.log" 2>&1
 
Using PostgreSQL Port 5432
 
Password securely remembered in the file: /home/chris/.pgpass
 
to load this postgres into your environment, source the env file: 
    /home/chris/Documents/DevelopmentProjects/Python/flaskrouting/bigsql/pg10/pg10.env
 
2018-05-05 18:35:05 [COMMAND] : pgc list
2018-05-05 18:35:09 [COMMAND] : pgc start
2018-05-05 18:35:30 [COMMAND] : pgc start pg10
